::1 - - [25/Jan/2019:04:15:29 +0000] "GET /bookmarks/dlsf HTTP/1.1" 304 - "-" "Mozilla/5.0 (X11; Linux x86_64) AppleWebKit/537.36 (KHTML, like Gecko) Chrome/70.0.3538.77 Safari/537.36"
::1 - - [25/Jan/2019:06:59:09 +0000] "GET /bookmarks/dlsf HTTP/1.1" 404 23 "-" "Mozilla/5.0 (X11; Linux x86_64) AppleWebKit/537.36 (KHTML, like Gecko) Chrome/70.0.3538.77 Safari/537.36"
::1 - - [25/Jan/2019:09:58:10 +0000] "GET / HTTP/1.1" 304 - "-" "Mozilla/5.0 (X11; Linux x86_64) AppleWebKit/537.36 (KHTML, like Gecko) Chrome/70.0.3538.77 Safari/537.36"
::1 - - [25/Jan/2019:09:58:51 +0000] "GET /bookmarks HTTP/1.1" 200 1111 "-" "Mozilla/5.0 (X11; Linux x86_64) AppleWebKit/537.36 (KHTML, like Gecko) Chrome/70.0.3538.77 Safari/537.36"
::1 - - [25/Jan/2019:09:58:56 +0000] "GET /bookmarks/tags HTTP/1.1" 500 2173 "-" "Mozilla/5.0 (X11; Linux x86_64) AppleWebKit/537.36 (KHTML, like Gecko) Chrome/70.0.3538.77 Safari/537.36"
::1 - - [25/Jan/2019:09:59:21 +0000] "GET /bookmarks/tags?names=javascipt HTTP/1.1" 304 - "-" "Mozilla/5.0 (X11; Linux x86_64) AppleWebKit/537.36 (KHTML, like Gecko) Chrome/70.0.3538.77 Safari/537.36"
::1 - - [25/Jan/2019:09:59:29 +0000] "GET /bookmarks/tags?names=javascipt,npm HTTP/1.1" 200 1111 "-" "Mozilla/5.0 (X11; Linux x86_64) AppleWebKit/537.36 (KHTML, like Gecko) Chrome/70.0.3538.77 Safari/537.36"
::1 - - [25/Jan/2019:10:00:34 +0000] "GET /bookmarks/tags HTTP/1.1" 500 2173 "-" "Mozilla/5.0 (X11; Linux x86_64) AppleWebKit/537.36 (KHTML, like Gecko) Chrome/70.0.3538.77 Safari/537.36"
::1 - - [25/Jan/2019:10:01:39 +0000] "GET /bookmarks/tags HTTP/1.1" 500 2173 "-" "Mozilla/5.0 (X11; Linux x86_64) AppleWebKit/537.36 (KHTML, like Gecko) Chrome/70.0.3538.77 Safari/537.36"
::1 - - [25/Jan/2019:10:01:41 +0000] "GET /bookmarks/tags HTTP/1.1" 500 2173 "-" "Mozilla/5.0 (X11; Linux x86_64) AppleWebKit/537.36 (KHTML, like Gecko) Chrome/70.0.3538.77 Safari/537.36"
::1 - - [25/Jan/2019:12:06:51 +0000] "GET /users/register HTTP/1.1" 404 23 "-" "PostmanRuntime/7.4.0"
::1 - - [25/Jan/2019:12:08:39 +0000] "POST /users/register HTTP/1.1" 404 154 "-" "PostmanRuntime/7.4.0"
::1 - - [25/Jan/2019:12:08:43 +0000] "POST /users/register HTTP/1.1" 404 154 "-" "PostmanRuntime/7.4.0"
::1 - - [25/Jan/2019:13:07:34 +0000] "POST /users/register HTTP/1.1" 404 154 "-" "PostmanRuntime/7.4.0"
::1 - - [25/Jan/2019:13:10:10 +0000] "POST /users/register HTTP/1.1" 404 154 "-" "PostmanRuntime/7.4.0"
::1 - - [25/Jan/2019:13:10:41 +0000] "POST /users/register HTTP/1.1" 404 154 "-" "PostmanRuntime/7.4.0"
::1 - - [25/Jan/2019:13:10:54 +0000] "POST /users/register HTTP/1.1" 404 154 "-" "PostmanRuntime/7.4.0"
::1 - - [25/Jan/2019:13:12:19 +0000] "POST /users/register HTTP/1.1" 404 154 "-" "PostmanRuntime/7.4.0"
::1 - - [25/Jan/2019:13:12:40 +0000] "POST /users/register HTTP/1.1" 404 154 "-" "PostmanRuntime/7.4.0"
::1 - - [25/Jan/2019:13:16:02 +0000] "POST / HTTP/1.1" 404 140 "-" "PostmanRuntime/7.4.0"
::1 - - [25/Jan/2019:13:16:09 +0000] "GET / HTTP/1.1" 200 23 "-" "PostmanRuntime/7.4.0"
::1 - - [25/Jan/2019:13:16:28 +0000] "POST /contacts HTTP/1.1" 404 148 "-" "PostmanRuntime/7.4.0"
::1 - - [25/Jan/2019:13:16:36 +0000] "GET /contacts HTTP/1.1" 200 2 "-" "PostmanRuntime/7.4.0"
::1 - - [25/Jan/2019:13:16:53 +0000] "POST /users/register HTTP/1.1" 404 154 "-" "PostmanRuntime/7.4.0"
::1 - - [26/Jan/2019:11:01:37 +0000] "GET / HTTP/1.1" 200 23 "-" "Mozilla/5.0 (X11; Linux x86_64) AppleWebKit/537.36 (KHTML, like Gecko) Chrome/70.0.3538.77 Safari/537.36"
::1 - - [26/Jan/2019:11:01:37 +0000] "GET /favicon.ico HTTP/1.1" 200 2 "http://localhost:3002/" "Mozilla/5.0 (X11; Linux x86_64) AppleWebKit/537.36 (KHTML, like Gecko) Chrome/70.0.3538.77 Safari/537.36"
::1 - - [26/Jan/2019:13:53:17 +0000] "GET / HTTP/1.1" 200 23 "-" "Mozilla/5.0 (X11; Linux x86_64) AppleWebKit/537.36 (KHTML, like Gecko) Chrome/70.0.3538.77 Safari/537.36"
::1 - - [26/Jan/2019:13:53:17 +0000] "GET /favicon.ico HTTP/1.1" 200 2 "http://localhost:3001/" "Mozilla/5.0 (X11; Linux x86_64) AppleWebKit/537.36 (KHTML, like Gecko) Chrome/70.0.3538.77 Safari/537.36"
::1 - - [26/Jan/2019:14:05:55 +0000] "GET / HTTP/1.1" 200 23 "-" "PostmanRuntime/7.4.0"
::1 - - [26/Jan/2019:14:06:07 +0000] "GET /users/register HTTP/1.1" 404 23 "-" "PostmanRuntime/7.4.0"
::1 - - [26/Jan/2019:14:07:09 +0000] "POST /users/register HTTP/1.1" 500 2155 "-" "PostmanRuntime/7.4.0"
::1 - - [26/Jan/2019:14:10:59 +0000] "POST /users/register HTTP/1.1" 200 406 "-" "PostmanRuntime/7.4.0"
::1 - - [26/Jan/2019:14:11:18 +0000] "POST /users/register HTTP/1.1" 200 406 "-" "PostmanRuntime/7.4.0"
::1 - - [26/Jan/2019:14:12:25 +0000] "POST /users/register HTTP/1.1" 200 406 "-" "PostmanRuntime/7.4.0"
::1 - - [26/Jan/2019:14:13:19 +0000] "POST /users/register HTTP/1.1" 200 203 "-" "PostmanRuntime/7.4.0"
::1 - - [26/Jan/2019:14:28:14 +0000] "GET /users HTTP/1.1" 200 2 "-" "PostmanRuntime/7.4.0"
::1 - - [26/Jan/2019:14:28:14 +0000] "GET /users HTTP/1.1" 200 2 "-" "PostmanRuntime/7.4.0"
::1 - - [26/Jan/2019:14:31:19 +0000] "GET /users HTTP/1.1" 200 2 "-" "PostmanRuntime/7.4.0"
::1 - - [26/Jan/2019:14:31:37 +0000] "GET /users HTTP/1.1" 200 2 "-" "PostmanRuntime/7.4.0"
::1 - - [26/Jan/2019:14:32:04 +0000] "GET /users HTTP/1.1" 200 2 "-" "PostmanRuntime/7.4.0"
::1 - - [26/Jan/2019:14:32:41 +0000] "GET / HTTP/1.1" 200 23 "-" "PostmanRuntime/7.4.0"
::1 - - [26/Jan/2019:14:33:05 +0000] "GET /users HTTP/1.1" 200 2 "-" "PostmanRuntime/7.4.0"
::1 - - [26/Jan/2019:14:33:17 +0000] "GET /users HTTP/1.1" 200 2 "-" "PostmanRuntime/7.4.0"
::1 - - [26/Jan/2019:14:34:08 +0000] "POST /users/register HTTP/1.1" 200 266 "-" "PostmanRuntime/7.4.0"
::1 - - [26/Jan/2019:14:34:16 +0000] "GET /users HTTP/1.1" 200 2 "-" "PostmanRuntime/7.4.0"
::1 - - [26/Jan/2019:14:35:05 +0000] "GET /users/ HTTP/1.1" 200 2 "-" "PostmanRuntime/7.4.0"
::1 - - [26/Jan/2019:14:35:52 +0000] "GET / HTTP/1.1" 200 23 "-" "PostmanRuntime/7.4.0"
::1 - - [26/Jan/2019:14:35:56 +0000] "GET /users HTTP/1.1" 200 2 "-" "PostmanRuntime/7.4.0"
::1 - - [26/Jan/2019:14:35:58 +0000] "GET /user HTTP/1.1" 200 2 "-" "PostmanRuntime/7.4.0"
::1 - - [26/Jan/2019:14:36:04 +0000] "GET /use] HTTP/1.1" 200 2 "-" "PostmanRuntime/7.4.0"
::1 - - [26/Jan/2019:14:36:07 +0000] "GET /users HTTP/1.1" 200 2 "-" "PostmanRuntime/7.4.0"
::1 - - [26/Jan/2019:14:36:42 +0000] "GET /bookmarks HTTP/1.1" 200 1111 "-" "PostmanRuntime/7.4.0"
::1 - - [26/Jan/2019:14:37:02 +0000] "GET /users HTTP/1.1" 200 2 "-" "PostmanRuntime/7.4.0"
::1 - - [26/Jan/2019:14:38:57 +0000] "GET /users HTTP/1.1" 200 2 "-" "PostmanRuntime/7.4.0"
::1 - - [26/Jan/2019:14:43:21 +0000] "GET /users HTTP/1.1" 200 2 "-" "Mozilla/5.0 (X11; Linux x86_64) AppleWebKit/537.36 (KHTML, like Gecko) Chrome/70.0.3538.77 Safari/537.36"
::1 - - [26/Jan/2019:14:43:22 +0000] "GET /favicon.ico HTTP/1.1" 304 - "http://localhost:3001/users" "Mozilla/5.0 (X11; Linux x86_64) AppleWebKit/537.36 (KHTML, like Gecko) Chrome/70.0.3538.77 Safari/537.36"
::1 - - [26/Jan/2019:14:49:27 +0000] "POST /users/register HTTP/1.1" 200 260 "-" "PostmanRuntime/7.4.0"
::1 - - [26/Jan/2019:14:51:17 +0000] "GET /bookmarks HTTP/1.1" 200 1111 "-" "PostmanRuntime/7.4.0"
::1 - - [26/Jan/2019:14:53:00 +0000] "GET /users HTTP/1.1" 304 - "-" "Mozilla/5.0 (X11; Linux x86_64) AppleWebKit/537.36 (KHTML, like Gecko) Chrome/70.0.3538.77 Safari/537.36"
::1 - - [26/Jan/2019:14:53:01 +0000] "GET /favicon.ico HTTP/1.1" 304 - "http://localhost:3001/users" "Mozilla/5.0 (X11; Linux x86_64) AppleWebKit/537.36 (KHTML, like Gecko) Chrome/70.0.3538.77 Safari/537.36"
::1 - - [26/Jan/2019:14:53:27 +0000] "GET /users HTTP/1.1" 304 - "-" "Mozilla/5.0 (X11; Linux x86_64) AppleWebKit/537.36 (KHTML, like Gecko) Chrome/70.0.3538.77 Safari/537.36"
::1 - - [26/Jan/2019:14:53:28 +0000] "GET /favicon.ico HTTP/1.1" 304 - "http://localhost:3001/users" "Mozilla/5.0 (X11; Linux x86_64) AppleWebKit/537.36 (KHTML, like Gecko) Chrome/70.0.3538.77 Safari/537.36"
::1 - - [26/Jan/2019:14:55:25 +0000] "GET /user HTTP/1.1" 200 2 "-" "Mozilla/5.0 (X11; Linux x86_64) AppleWebKit/537.36 (KHTML, like Gecko) Chrome/70.0.3538.77 Safari/537.36"
::1 - - [26/Jan/2019:14:55:25 +0000] "GET /favicon.ico HTTP/1.1" 304 - "http://localhost:3001/user" "Mozilla/5.0 (X11; Linux x86_64) AppleWebKit/537.36 (KHTML, like Gecko) Chrome/70.0.3538.77 Safari/537.36"
::1 - - [26/Jan/2019:14:55:30 +0000] "GET /user HTTP/1.1" 304 - "-" "Mozilla/5.0 (X11; Linux x86_64) AppleWebKit/537.36 (KHTML, like Gecko) Chrome/70.0.3538.77 Safari/537.36"
::1 - - [26/Jan/2019:14:55:30 +0000] "GET /favicon.ico HTTP/1.1" 304 - "http://localhost:3001/user" "Mozilla/5.0 (X11; Linux x86_64) AppleWebKit/537.36 (KHTML, like Gecko) Chrome/70.0.3538.77 Safari/537.36"
::1 - - [26/Jan/2019:14:55:37 +0000] "GET / HTTP/1.1" 304 - "-" "Mozilla/5.0 (X11; Linux x86_64) AppleWebKit/537.36 (KHTML, like Gecko) Chrome/70.0.3538.77 Safari/537.36"
::1 - - [26/Jan/2019:14:55:37 +0000] "GET /favicon.ico HTTP/1.1" 304 - "http://localhost:3001/" "Mozilla/5.0 (X11; Linux x86_64) AppleWebKit/537.36 (KHTML, like Gecko) Chrome/70.0.3538.77 Safari/537.36"
::1 - - [26/Jan/2019:14:55:44 +0000] "GET /ud HTTP/1.1" 200 2 "-" "Mozilla/5.0 (X11; Linux x86_64) AppleWebKit/537.36 (KHTML, like Gecko) Chrome/70.0.3538.77 Safari/537.36"
::1 - - [26/Jan/2019:14:55:44 +0000] "GET /favicon.ico HTTP/1.1" 304 - "http://localhost:3001/ud" "Mozilla/5.0 (X11; Linux x86_64) AppleWebKit/537.36 (KHTML, like Gecko) Chrome/70.0.3538.77 Safari/537.36"
::1 - - [26/Jan/2019:14:56:37 +0000] "GET / HTTP/1.1" 304 - "-" "Mozilla/5.0 (X11; Linux x86_64) AppleWebKit/537.36 (KHTML, like Gecko) Chrome/70.0.3538.77 Safari/537.36"
::1 - - [26/Jan/2019:14:56:38 +0000] "GET /favicon.ico HTTP/1.1" 304 - "http://localhost:3002/" "Mozilla/5.0 (X11; Linux x86_64) AppleWebKit/537.36 (KHTML, like Gecko) Chrome/70.0.3538.77 Safari/537.36"
::1 - - [26/Jan/2019:14:56:44 +0000] "GET /users HTTP/1.1" 200 2 "-" "Mozilla/5.0 (X11; Linux x86_64) AppleWebKit/537.36 (KHTML, like Gecko) Chrome/70.0.3538.77 Safari/537.36"
::1 - - [26/Jan/2019:14:56:44 +0000] "GET /favicon.ico HTTP/1.1" 304 - "http://localhost:3002/users" "Mozilla/5.0 (X11; Linux x86_64) AppleWebKit/537.36 (KHTML, like Gecko) Chrome/70.0.3538.77 Safari/537.36"
::1 - - [26/Jan/2019:14:59:06 +0000] "GET /users/hgfghfddg HTTP/1.1" 404 23 "-" "Mozilla/5.0 (X11; Linux x86_64) AppleWebKit/537.36 (KHTML, like Gecko) Chrome/70.0.3538.77 Safari/537.36"
::1 - - [26/Jan/2019:14:59:07 +0000] "GET /favicon.ico HTTP/1.1" 304 - "http://localhost:3002/users/hgfghfddg" "Mozilla/5.0 (X11; Linux x86_64) AppleWebKit/537.36 (KHTML, like Gecko) Chrome/70.0.3538.77 Safari/537.36"
::1 - - [26/Jan/2019:14:59:15 +0000] "GET /hgfghfddg HTTP/1.1" 200 2 "-" "Mozilla/5.0 (X11; Linux x86_64) AppleWebKit/537.36 (KHTML, like Gecko) Chrome/70.0.3538.77 Safari/537.36"
::1 - - [26/Jan/2019:14:59:15 +0000] "GET /favicon.ico HTTP/1.1" 304 - "http://localhost:3002/hgfghfddg" "Mozilla/5.0 (X11; Linux x86_64) AppleWebKit/537.36 (KHTML, like Gecko) Chrome/70.0.3538.77 Safari/537.36"
::1 - - [26/Jan/2019:15:00:10 +0000] "GET /hgfghfddg HTTP/1.1" 304 - "-" "Mozilla/5.0 (X11; Linux x86_64) AppleWebKit/537.36 (KHTML, like Gecko) Chrome/70.0.3538.77 Safari/537.36"
::1 - - [26/Jan/2019:15:00:10 +0000] "GET /favicon.ico HTTP/1.1" 200 2 "http://localhost:3002/hgfghfddg" "Mozilla/5.0 (X11; Linux x86_64) AppleWebKit/537.36 (KHTML, like Gecko) Chrome/70.0.3538.77 Safari/537.36"
::1 - - [26/Jan/2019:15:00:17 +0000] "GET /users HTTP/1.1" 200 601 "-" "Mozilla/5.0 (X11; Linux x86_64) AppleWebKit/537.36 (KHTML, like Gecko) Chrome/70.0.3538.77 Safari/537.36"
::1 - - [26/Jan/2019:15:00:18 +0000] "GET /favicon.ico HTTP/1.1" 304 - "http://localhost:3002/users" "Mozilla/5.0 (X11; Linux x86_64) AppleWebKit/537.36 (KHTML, like Gecko) Chrome/70.0.3538.77 Safari/537.36"
